android/app/proguard-rules.pro
-dontwarn com.phonepe.phonepe_payment_sdk.PhonePePaymentSdk