build/app/outputs/mapping/release/seeds.txt
com.mahilasaarthi.delivery.MainActivity
com.mahilasaarthi.delivery.MainActivity: MainActivity()
...
io.flutter.embedding.android.FlutterSplashView$SavedState: void writeToParcel(android.os.Parcel,int)
com.google.android.gms.internal.location.zzdm: java.lang.String zzd(int,int,java.lang.String)
com.google.android.gms.internal.firebase-auth-api.zzik: com.google.android.gms.internal.firebase-auth-api.zzaif zzg(com.google.android.gms.internal.firebase-auth-api.zzaif)
com.google.android.gms.internal.maps.zzaw: int zzc()
com.google.android.gms.tasks.zzaa: zzaa(java.util.Collection)
com.google.android.material.transformation.ExpandableBehavior: ExpandableBehavior()
com.google.android.recaptcha.internal.zzfd: int zzg()
com.google.android.gms.internal.location.zzdr: java.util.List subList(int,int)
com.google.android.gms.internal.location.zzdh: void writeToParcel(android.os.Parcel,int)
androidx.appcompat.widget.AppCompatButton: void setAllCaps(boolean)
androidx.activity.ComponentActivity: void onTrimMemory(int)
androidx.window.layout.SidecarAdapter: androidx.window.layout.WindowLayoutInfo translate(androidx.window.sidecar.SidecarWindowLayoutInfo,androidx.window.sidecar.SidecarDeviceState)
com.google.android.gms.internal.firebase-auth-api.zzne: zzne()
com.google.android.gms.internal.firebase-auth-api.zzagk: boolean equals(java.lang.Object)
com.google.android.gms.internal.firebase-auth-api.zzzq: void zzc(com.google.android.gms.tasks.TaskCompletionSource,com.google.android.gms.internal.firebase-auth-api.zzaao)
androidx.recyclerview.widget.RecyclerView: long getNanoTime()
androidx.core.view.ViewCompat$Api26Impl: boolean isImportantForAutofill(android.view.View)
com.google.android.recaptcha.internal.zzgo: com.google.android.recaptcha.internal.zzgo zzs()
com.pichillilorenzo.flutter_inappwebview.types.WebMessagePort$2: void onReceiveValue(java.lang.String)
com.pichillilorenzo.flutter_inappwebview.MyWebStorage: void onMethodCall(io.flutter.plugin.common.MethodCall,io.flutter.plugin.common.MethodChannel$Result)
androidx.swiperefreshlayout.widget.SwipeRefreshLayout: void setColorViewAlpha(int)
com.baseflow.geolocator.location.LocationAccuracy: com.baseflow.geolocator.location.LocationAccuracy[] values()
com.pichillilorenzo.flutter_inappwebview.types.HttpAuthenticationChallenge: int hashCode()
io.flutter.plugin.editing.ImeSyncDeferringInsetsCallback: android.view.View access$602(io.flutter.plugin.editing.ImeSyncDeferringInsetsCallback,android.view.View)
com.google.android.gms.internal.firebase-auth-api.zzby: java.lang.String toString()
com.pichillilorenzo.flutter_inappwebview.MyWebStorage: MyWebStorage(com.pichillilorenzo.flutter_inappwebview.InAppWebViewFlutterPlugin)
com.ajinasokan.flutter_fgbg.FlutterFGBGPlugin: void onAppBackgrounded()
com.google.android.recaptcha.internal.zzjp: double zza(java.lang.Object,long)
com.google.android.recaptcha.internal.zzin: void zzE(com.google.android.recaptcha.internal.zzjf,java.lang.Object,java.lang.Object)
io.flutter.plugin.editing.ImeSyncDeferringInsetsCallback$AnimationCallback: void onEnd(android.view.WindowInsetsAnimation)
com.google.android.recaptcha.internal.zzax: java.lang.Object invokeSuspend(java.lang.Object)
androidx.appcompat.widget.ViewStubCompat: void setLayoutResource(int)
androidx.appcompat.widget.ActionBarOverlayLayout: int getNestedScrollAxes()
androidx.core.content.res.ResourcesCompat$Api21Impl: android.graphics.drawable.Drawable getDrawable(android.content.res.Resources,int,android.content.res.Resources$Theme)
com.google.android.gms.internal.firebase-auth-api.zzcg: com.google.android.gms.internal.firebase-auth-api.zzcg zzc(com.google.android.gms.internal.firebase-auth-api.zzoh)
com.phonepe.intent.sdk.api.PhonePeInitException: PhonePeInitException(java.lang.String)
com.google.android.gms.internal.common.zzag: int zza(java.lang.Object[],int)
com.google.android.play.core.integrity.IntegrityTokenRequest: java.lang.String nonce()
com.google.android.gms.internal.firebase-auth-api.zzaiq: void zzH(java.util.List)