build/app/outputs/mapping/release/mapping.txt
# compiler: R8
# compiler_version: 3.1.66
# min_api: 21
# pg_map_id: 92cc261
# common_typos_disable
# {"id":"com.android.tools.r8.mapping","version":"1.0"}
com.mahilasaarthi.delivery.MainActivity -> com.mahilasaarthi.delivery.MainActivity:
    java.lang.String CHANNEL -> k
    void $r8$lambda$xk62U6N35ZIMe4xVRKmENRpgNWk(com.mahilasaarthi.delivery.MainActivity,io.flutter.plugin.common.MethodCall,io.flutter.plugin.common.MethodChannel$Result) -> N
      # {"id":"com.android.tools.r8.synthesized"}
    void configureFlutterEngine$lambda$0(com.mahilasaarthi.delivery.MainActivity,io.flutter.plugin.common.MethodCall,io.flutter.plugin.common.MethodChannel$Result) -> O
    void deleteNotificationChannel(java.lang.String) -> P
    java.util.List getNotificationChannels() -> Q
    void configureFlutterEngine(io.flutter.embedding.engine.FlutterEngine) -> m
...
androidx.appcompat.widget.ScrollingTabContainerView$TabClickListener -> androidx.appcompat.widget.t0$c:
    androidx.appcompat.widget.ScrollingTabContainerView this$0 -> g
androidx.appcompat.widget.ScrollingTabContainerView$TabView -> androidx.appcompat.widget.t0$d:
    int[] BG_ATTRS -> g
    android.view.View mCustomView -> k
    android.widget.ImageView mIconView -> j
    androidx.appcompat.widget.ScrollingTabContainerView this$0 -> l
    android.widget.TextView mTextView -> i
    androidx.appcompat.app.ActionBar$Tab mTab -> h
    void bindTab(androidx.appcompat.app.ActionBar$Tab) -> a
    androidx.appcompat.app.ActionBar$Tab getTab() -> b
    void update() -> c
androidx.appcompat.widget.SearchView -> androidx.appcompat.widget.SearchView:
    boolean mQueryRefinement -> d0
    android.view.View mSearchPlate -> x
    android.widget.AdapterView$OnItemSelectedListener mOnItemSelectedListener -> u0
    androidx.appcompat.widget.SearchView$OnQueryTextListener mOnQueryChangeListener -> Q
    android.widget.AdapterView$OnItemClickListener mOnItemClickListener -> t0
    boolean mSubmitButtonEnabled -> b0
    android.graphics.Rect mSearchSrcTextViewBounds -> F
    android.widget.ImageView mCloseButton -> B
    java.lang.Runnable mReleaseCursorRunnable -> o0
    int[] mTemp2 -> I
    java.lang.CharSequence mDefaultQueryHint -> P
    android.widget.ImageView mCollapsedIcon -> J
    android.graphics.drawable.Drawable mSearchHintIcon -> K
    android.os.Bundle mAppSearchData -> m0
    android.view.View$OnClickListener mOnSearchClickListener -> U
    java.util.WeakHashMap mOutsideDrawablesCache -> p0
    int mSuggestionRowLayout -> L
    int mMaxWidth -> f0
    android.graphics.Rect mSearchSrtTextViewBoundsExpanded -> G
    androidx.appcompat.widget.SearchView$SearchAutoComplete mSearchSrcTextView -> v
    android.widget.ImageView mGoButton -> A
    androidx.cursoradapter.widget.CursorAdapter mSuggestionsAdapter -> a0
    android.view.View mSearchEditFrame -> w
    int[] mTemp -> H
    java.lang.CharSequence mUserQuery -> i0
    android.content.Intent mVoiceAppSearchIntent -> O
    boolean mExpandedInActionView -> j0
androidx.appcompat.widget.SearchView$1 -> androidx.appcompat.widget.SearchView$b:
    androidx.appcompat.widget.SearchView this$0 -> g
androidx.appcompat.widget.SearchView$10 -> androidx.appcompat.widget.SearchView$a:
    androidx.appcompat.widget.SearchView this$0 -> g
androidx.appcompat.widget.SearchView$2 -> androidx.appcompat.widget.SearchView$c:
    androidx.appcompat.widget.SearchView this$0 -> g
androidx.appcompat.widget.SearchView$3 -> androidx.appcompat.widget.SearchView$d:
    androidx.appcompat.widget.SearchView this$0 -> a
androidx.appcompat.widget.SearchView$4 -> androidx.appcompat.widget.SearchView$e:
    androidx.appcompat.widget.SearchView this$0 -> a
androidx.appcompat.widget.SearchView$5 -> androidx.appcompat.widget.SearchView$f:
    androidx.appcompat.widget.SearchView this$0 -> g
androidx.appcompat.widget.SearchView$6 -> androidx.appcompat.widget.SearchView$g:
    androidx.appcompat.widget.SearchView this$0 -> g
androidx.appcompat.widget.SearchView$7 -> androidx.appcompat.widget.SearchView$h:
    androidx.appcompat.widget.SearchView this$0 -> a
androidx.appcompat.widget.SearchView$8 -> androidx.appcompat.widget.SearchView$i:
    androidx.appcompat.widget.SearchView this$0 -> g
androidx.appcompat.widget.SearchView$9 -> androidx.appcompat.widget.SearchView$j:
    androidx.appcompat.widget.SearchView this$0 -> g
androidx.appcompat.widget.SearchView$Api29Impl -> androidx.appcompat.widget.SearchView$k:
    void refreshAutoCompleteResults(android.widget.AutoCompleteTextView) -> a
    void setInputMethodMode(androidx.appcompat.widget.SearchView$SearchAutoComplete,int) -> b
androidx.appcompat.widget.SearchView$OnCloseListener -> androidx.appcompat.widget.SearchView$l:
androidx.appcompat.widget.SearchView$OnQueryTextListener -> androidx.appcompat.widget.SearchView$m: