build/app/outputs/mapping/release/usage.txt
com.mahilasaarthi.delivery.BuildConfig
com.mahilasaarthi.delivery.R$anim
com.mahilasaarthi.delivery.R$animator
com.mahilasaarthi.delivery.R$array
com.mahilasaarthi.delivery.R$attr
com.mahilasaarthi.delivery.R$bool
com.mahilasaarthi.delivery.R$color
com.mahilasaarthi.delivery.R$dimen
com.mahilasaarthi.delivery.R$drawable
com.mahilasaarthi.delivery.R$font
com.mahilasaarthi.delivery.R$id
com.mahilasaarthi.delivery.R$integer
com.mahilasaarthi.delivery.R$interpolator
com.mahilasaarthi.delivery.R$layout
com.mahilasaarthi.delivery.R$menu
com.mahilasaarthi.delivery.R$mipmap
com.mahilasaarthi.delivery.R$plurals
com.mahilasaarthi.delivery.R$raw
com.mahilasaarthi.delivery.R$string
com.mahilasaarthi.delivery.R$style
com.mahilasaarthi.delivery.R$styleable
com.mahilasaarthi.delivery.R$xml
com.mahilasaarthi.delivery.R
...
net.jonhanson.flutter_native_splash.R$dimen
net.jonhanson.flutter_native_splash.R$drawable
net.jonhanson.flutter_native_splash.R$id
net.jonhanson.flutter_native_splash.R$integer
net.jonhanson.flutter_native_splash.R$layout
net.jonhanson.flutter_native_splash.R$string
net.jonhanson.flutter_native_splash.R$style
net.jonhanson.flutter_native_splash.R$styleable
net.jonhanson.flutter_native_splash.R
net.touchcapture.qr.flutterqr.BuildConfig
net.touchcapture.qr.flutterqr.CustomFramingRectBarcodeView:
    private static final int BOTTOM_OFFSET_NOT_SET_VALUE
    public void <init>(android.content.Context,android.util.AttributeSet)
    public void <init>(android.content.Context,android.util.AttributeSet,int)
net.touchcapture.qr.flutterqr.FlutterQrPlugin:
    private static final java.lang.String VIEW_TYPE_ID
net.touchcapture.qr.flutterqr.QRView:
    private static final java.lang.String CHANNEL_METHOD_ON_PERMISSION_SET
    private static final java.lang.String CHANNEL_METHOD_ON_RECOGNIZE_QR
    private static final java.lang.String ERROR_CODE_NOT_SET
    private static final java.lang.String ERROR_MESSAGE_FLASH_NOT_FOUND
    private static final java.lang.String ERROR_MESSAGE_NOT_SET
    private static final java.lang.String PARAMS_CAMERA_FACING
net.touchcapture.qr.flutterqr.QrActivityLifecycleCallbacksKt:
    public static synthetic net.touchcapture.qr.flutterqr.UnRegisterLifecycleCallback registerLifecycleCallbacks$default(android.app.Activity,kotlin.jvm.functions.Function0,kotlin.jvm.functions.Function0,int,java.lang.Object)
net.touchcapture.qr.flutterqr.QrShared:
    public static final int CAMERA_REQUEST_ID
net.touchcapture.qr.flutterqr.R$anim
net.touchcapture.qr.flutterqr.R$animator
net.touchcapture.qr.flutterqr.R$attr
net.touchcapture.qr.flutterqr.R$bool
net.touchcapture.qr.flutterqr.R$color
net.touchcapture.qr.flutterqr.R$dimen
net.touchcapture.qr.flutterqr.R$drawable
net.touchcapture.qr.flutterqr.R$id
net.touchcapture.qr.flutterqr.R$integer
net.touchcapture.qr.flutterqr.R$interpolator
net.touchcapture.qr.flutterqr.R$layout
net.touchcapture.qr.flutterqr.R$raw
net.touchcapture.qr.flutterqr.R$string
net.touchcapture.qr.flutterqr.R$style
net.touchcapture.qr.flutterqr.R$styleable
net.touchcapture.qr.flutterqr.R
okhttp3.Cache$1
okhttp3.Cache$2
okhttp3.Cache$CacheRequestImpl$1
okhttp3.Cache$CacheRequestImpl
okhttp3.Cache$CacheResponseBody$1
okhttp3.Cache$CacheResponseBody
okhttp3.Cache$Entry
okhttp3.Cache:
    private static final int ENTRY_BODY
    private static final int ENTRY_COUNT
    private static final int ENTRY_METADATA
    private static final int VERSION
    final okhttp3.internal.cache.DiskLruCache cache
    private int hitCount
    private int networkCount
    private int requestCount
    int writeAbortCount
    int writeSuccessCount
    public void <init>(java.io.File,long)
    void <init>(java.io.File,long,okhttp3.internal.io.FileSystem)
    private void abortQuietly(okhttp3.internal.cache.DiskLruCache$Editor)
    public void close()
    public void delete()
    public java.io.File directory()
    public void evictAll()
    public void flush()
    okhttp3.Response get(okhttp3.Request)
    public synchronized int hitCount()
    public void initialize()
    public boolean isClosed()
    public static java.lang.String key(okhttp3.HttpUrl)
    public long maxSize()
    public synchronized int networkCount()
    okhttp3.internal.cache.CacheRequest put(okhttp3.Response)
    static int readInt(okio.BufferedSource)
    void remove(okhttp3.Request)
    public synchronized int requestCount()
    public long size()
    synchronized void trackConditionalCacheHit()
    synchronized void trackResponse(okhttp3.internal.cache.CacheStrategy)
    void update(okhttp3.Response,okhttp3.Response)
    public java.util.Iterator urls()
    public synchronized int writeAbortCount()
    public synchronized int writeSuccessCount()